<?xml version="1.0" encoding="UTF-8"?>
<!-- Generated by org.testng.reporters.JUnitReportReporter -->
<testsuite hostname="DESKTOP-IDL4IUD" failures="0" tests="1" name="page_tests.LoginPageTests" time="2.685" errors="0" timestamp="2025-01-26T22:12:30 IST" skipped="0">
  <testcase classname="page_tests.LoginPageTests" name="userLoginTest" time="2.685"/>
</testsuite> <!-- page_tests.LoginPageTests -->
